/home/wayfarer/p_ws/install/ps/lib/python3.10/site-packages/ps/say.py
/home/wayfarer/p_ws/install/ps/lib/python3.10/site-packages/ps/lama.py
/home/wayfarer/p_ws/install/ps/lib/python3.10/site-packages/ps/loc.py
/home/wayfarer/p_ws/install/ps/lib/python3.10/site-packages/ps/wave.py
/home/wayfarer/p_ws/install/ps/lib/python3.10/site-packages/ps/capture.py
/home/wayfarer/p_ws/install/ps/lib/python3.10/site-packages/ps/train.py
/home/wayfarer/p_ws/install/ps/lib/python3.10/site-packages/ps/__init__.py
/home/wayfarer/p_ws/install/ps/lib/python3.10/site-packages/ps/detect.py
/home/wayfarer/p_ws/install/ps/lib/python3.10/site-packages/ps/exp.py
/home/wayfarer/p_ws/install/ps/lib/python3.10/site-packages/ps/gat.py
/home/wayfarer/p_ws/install/ps/lib/python3.10/site-packages/ps/face.py
/home/wayfarer/p_ws/install/ps/lib/python3.10/site-packages/ps/d.py
/home/wayfarer/p_ws/install/ps/lib/python3.10/site-packages/ps/w.py
/home/wayfarer/p_ws/install/ps/lib/python3.10/site-packages/ps/display.py
/home/wayfarer/p_ws/install/ps/lib/python3.10/site-packages/ps/ex.py
/home/wayfarer/p_ws/install/ps/lib/python3.10/site-packages/ps/wav.py
/home/wayfarer/p_ws/install/ps/lib/python3.10/site-packages/ps/__pycache__/say.cpython-310.pyc
/home/wayfarer/p_ws/install/ps/lib/python3.10/site-packages/ps/__pycache__/lama.cpython-310.pyc
/home/wayfarer/p_ws/install/ps/lib/python3.10/site-packages/ps/__pycache__/loc.cpython-310.pyc
/home/wayfarer/p_ws/install/ps/lib/python3.10/site-packages/ps/__pycache__/wave.cpython-310.pyc
/home/wayfarer/p_ws/install/ps/lib/python3.10/site-packages/ps/__pycache__/capture.cpython-310.pyc
/home/wayfarer/p_ws/install/ps/lib/python3.10/site-packages/ps/__pycache__/train.cpython-310.pyc
/home/wayfarer/p_ws/install/ps/lib/python3.10/site-packages/ps/__pycache__/__init__.cpython-310.pyc
/home/wayfarer/p_ws/install/ps/lib/python3.10/site-packages/ps/__pycache__/detect.cpython-310.pyc
/home/wayfarer/p_ws/install/ps/lib/python3.10/site-packages/ps/__pycache__/exp.cpython-310.pyc
/home/wayfarer/p_ws/install/ps/lib/python3.10/site-packages/ps/__pycache__/gat.cpython-310.pyc
/home/wayfarer/p_ws/install/ps/lib/python3.10/site-packages/ps/__pycache__/face.cpython-310.pyc
/home/wayfarer/p_ws/install/ps/lib/python3.10/site-packages/ps/__pycache__/d.cpython-310.pyc
/home/wayfarer/p_ws/install/ps/lib/python3.10/site-packages/ps/__pycache__/w.cpython-310.pyc
/home/wayfarer/p_ws/install/ps/lib/python3.10/site-packages/ps/__pycache__/display.cpython-310.pyc
/home/wayfarer/p_ws/install/ps/lib/python3.10/site-packages/ps/__pycache__/ex.cpython-310.pyc
/home/wayfarer/p_ws/install/ps/lib/python3.10/site-packages/ps/__pycache__/wav.cpython-310.pyc
/home/wayfarer/p_ws/install/ps/share/ament_index/resource_index/packages/ps
/home/wayfarer/p_ws/install/ps/share/ps/package.xml
/home/wayfarer/p_ws/install/ps/lib/python3.10/site-packages/ps-0.0.0-py3.10.egg-info/SOURCES.txt
/home/wayfarer/p_ws/install/ps/lib/python3.10/site-packages/ps-0.0.0-py3.10.egg-info/entry_points.txt
/home/wayfarer/p_ws/install/ps/lib/python3.10/site-packages/ps-0.0.0-py3.10.egg-info/top_level.txt
/home/wayfarer/p_ws/install/ps/lib/python3.10/site-packages/ps-0.0.0-py3.10.egg-info/dependency_links.txt
/home/wayfarer/p_ws/install/ps/lib/python3.10/site-packages/ps-0.0.0-py3.10.egg-info/requires.txt
/home/wayfarer/p_ws/install/ps/lib/python3.10/site-packages/ps-0.0.0-py3.10.egg-info/PKG-INFO
/home/wayfarer/p_ws/install/ps/lib/python3.10/site-packages/ps-0.0.0-py3.10.egg-info/zip-safe
/home/wayfarer/p_ws/install/ps/lib/ps/chat
/home/wayfarer/p_ws/install/ps/lib/ps/d
/home/wayfarer/p_ws/install/ps/lib/ps/detect
/home/wayfarer/p_ws/install/ps/lib/ps/display
/home/wayfarer/p_ws/install/ps/lib/ps/ex
/home/wayfarer/p_ws/install/ps/lib/ps/exp
/home/wayfarer/p_ws/install/ps/lib/ps/face
/home/wayfarer/p_ws/install/ps/lib/ps/gat
/home/wayfarer/p_ws/install/ps/lib/ps/loc
/home/wayfarer/p_ws/install/ps/lib/ps/say
/home/wayfarer/p_ws/install/ps/lib/ps/train
/home/wayfarer/p_ws/install/ps/lib/ps/wav
/home/wayfarer/p_ws/install/ps/lib/ps/wave
